  Barony.cpp
d:\projects\risktypegame\risktypegame\barony.cpp(33): warning C4244: 'initializing': conversion from 'double' to 'int', possible loss of data
d:\projects\risktypegame\risktypegame\barony.cpp(33): warning C4244: 'initializing': conversion from 'double' to 'const int', possible loss of data
d:\projects\risktypegame\risktypegame\barony.cpp(49): warning C4244: 'initializing': conversion from 'double' to 'int', possible loss of data
d:\projects\risktypegame\risktypegame\barony.cpp(49): warning C4244: 'initializing': conversion from 'double' to 'const int', possible loss of data
  EstateManager.cpp
  EstateTest.cpp
  Game.cpp
  GameController.cpp
  GameDisplay.cpp
  GameUIController.cpp
  LandTerritory.cpp
  LandTerritoryOccupancy.cpp
  Map.cpp
  MapDisplay.cpp
  MapMaker.cpp
  MilitaryTest.cpp
  PlayerAIContext.cpp
d:\projects\risktypegame\risktypegame\playeraicontext.cpp(77): warning C4244: 'initializing': conversion from 'double' to 'int', possible loss of data
d:\projects\risktypegame\risktypegame\playeraicontext.cpp(123): warning C4267: 'initializing': conversion from 'size_t' to 'int', possible loss of data
d:\projects\risktypegame\risktypegame\playeraicontext.cpp(165): warning C4244: '+=': conversion from 'double' to 'int', possible loss of data
  Port.cpp
  RealmTest.cpp
  RiskTypeGame.cpp
  SimplePlayerAI.cpp
d:\projects\risktypegame\risktypegame\simpleplayerai.cpp(100): warning C4244: 'initializing': conversion from 'double' to 'int', possible loss of data
d:\projects\risktypegame\risktypegame\simpleplayerai.cpp(110): warning C4244: 'initializing': conversion from 'double' to 'int', possible loss of data
d:\projects\risktypegame\risktypegame\simpleplayerai.cpp(177): warning C4267: 'initializing': conversion from 'size_t' to 'int', possible loss of data
d:\projects\risktypegame\risktypegame\simpleplayerai.cpp(177): warning C4267: 'initializing': conversion from 'size_t' to 'const int', possible loss of data
d:\projects\risktypegame\risktypegame\simpleplayerai.cpp(220): warning C4305: 'initializing': truncation from 'double' to 'float'
d:\projects\risktypegame\risktypegame\simpleplayerai.cpp(221): warning C4244: 'initializing': conversion from 'float' to 'int', possible loss of data
d:\projects\risktypegame\risktypegame\simpleplayerai.cpp(222): warning C4244: 'initializing': conversion from 'float' to 'int', possible loss of data
d:\projects\risktypegame\risktypegame\simpleplayerai.cpp(222): warning C4244: 'initializing': conversion from 'float' to 'const int', possible loss of data
d:\projects\risktypegame\risktypegame\simpleplayerai.cpp(229): warning C4244: 'initializing': conversion from 'float' to 'int', possible loss of data
d:\projects\risktypegame\risktypegame\simpleplayerai.cpp(229): warning C4244: 'initializing': conversion from 'float' to 'const int', possible loss of data
  TerritoryMaker.cpp
  TerritoryManager.cpp
  Generating code
  4 of 7407 functions (<0.1%) were compiled, the rest were copied from previous compilation.
    0 functions were new in current compilation
    13 functions had inline decision re-evaluated but remain unchanged
  Finished generating code
  RiskTypeGame.vcxproj -> D:\Projects\RiskTypeGame\x64\Release\RiskTypeGame.exe
